<?xml version="1.0" encoding="UTF-8"?>
<testng-results ignored="0" total="1" passed="1" failed="0" skipped="0">
  <reporter-output>
  </reporter-output>
  <suite started-at="2024-02-08T06:49:07Z" name="Default suite" finished-at="2024-02-08T06:49:15Z" duration-ms="7141">
    <groups>
    </groups>
    <test started-at="2024-02-08T06:49:07Z" name="Default test" finished-at="2024-02-08T06:49:15Z" duration-ms="7141">
      <class name="com.testng.LogTest">
        <test-method is-config="true" signature="launch()[pri:0, instance:com.testng.LogTest@57bc27f5]" started-at="2024-02-08T06:49:07Z" name="launch" finished-at="2024-02-08T06:49:11Z" duration-ms="3694" status="PASS">
          <reporter-output>
          </reporter-output>
        </test-method> <!-- launch -->
        <test-method signature="login()[pri:0, instance:com.testng.LogTest@57bc27f5]" started-at="2024-02-08T06:49:11Z" name="login" finished-at="2024-02-08T06:49:15Z" duration-ms="3397" status="PASS">
          <reporter-output>
          </reporter-output>
        </test-method> <!-- login -->
      </class> <!-- com.testng.LogTest -->
    </test> <!-- Default test -->
  </suite> <!-- Default suite -->
</testng-results>
